<?xml version="1.0" encoding="UTF-8"?>
<!-- Generated by org.testng.reporters.JUnitReportReporter -->
<testsuite name="Test.SmokeTesting" tests="1" time="24.207" ignored="2" failures="0" timestamp="19 Mar 2018 01:56:08 GMT" skipped="0" hostname="LAPTOP-GDVJRS9M" errors="0">
  <testcase name="login" time="24.207" classname="Test.SmokeTesting"/>
  <testcase name="createAccount" classname="Test.SmokeTesting">
    <skipped/>
  </testcase> <!-- createAccount -->
  <testcase name="activateAccount" classname="Test.SmokeTesting">
    <skipped/>
  </testcase> <!-- activateAccount -->
</testsuite> <!-- Test.SmokeTesting -->
