<?xml version="1.0" encoding="UTF-8"?>
<!-- Generated by org.testng.reporters.JUnitReportReporter -->
<testsuite name="Test.SmokeTesting" tests="3" time="80.291" ignored="0" failures="0" timestamp="19 Mar 2018 03:03:19 GMT" skipped="0" hostname="LAPTOP-GDVJRS9M" errors="0">
  <testcase name="activateAccount" time="35.820" classname="Test.SmokeTesting"/>
  <testcase name="logInToAnAccount" time="27.320" classname="Test.SmokeTesting"/>
  <testcase name="createAccount" time="17.151" classname="Test.SmokeTesting"/>
</testsuite> <!-- Test.SmokeTesting -->
